 ===========================
  Output from program Dusty 
  Version: 2.07
 ===========================
  
  INPUT parameters from file:
  Sean_mod/Model_Library/0120/sphere-1_0120.inp                                                                                               
  
* ----------------------------------------------------------------------
* NOTES:
* This is a simple input file for a spherical shell with a minimal output
* ----------------------------------------------------------------------
  Central source spectrum described by a black body                       
  with temperature: 2.000E+03 K
  --------------------------------------------
  Dust temperature on the inner boundary: 3.00E+02 K
  --------------------------------------------
  Abundances for supported grains:
  Sil-Ow Sil-Oc Sil-DL grf-DL amC-Hn SiC-Pg
  0.390  0.000  0.000  0.000  0.000  0.000
  Abundances for user supplied grains:
     1      2      3      4
  0.013  0.260  0.000  0.338
  User supplied n and k from:
  1) Lib_nk\Corundum.nk                                                    
  2) Lib_nk\FeO.nk                                                         
  3) Lib_nk\FeHofm.nk                                                      
  4) Lib_nk\Al2O3-comp.nk                                                  
  MRN size distribution:
       Power q:  3.5
  Minimal size: 5.00E-03 microns
  Maximal size: 2.50E-01 microns
  --------------------------------------------
  Density described by 1/r**k with k =  2.0
  Relative thickness: 1.000E+02
  --------------------------------------------
  Optical depths at 5.5E-01 microns
  ranging from 1.00E-01 to 1.10E+00
    3 models with linear grid                
  Required accuracy: 5%
  --------------------------------------------
  --------------------------------------------
  ====================================================  
  For compliance with the point-source assumption, the
  following results should only be applied to sources 
  whose effective temperature exceeds 670  K.
  ====================================================
          
  RESULTS:
  --------
 ###   tau0   Fi(W/m2)  r1(cm)    r1/rc   theta1   Td(Y)   err 
 ###     1        2        3        4        5       6      7  
 ============================================================= 
   1 1.00E-01 7.11E+02 2.07E+15 3.57E+01 1.55E+01 5.47E+01   0
   2 6.00E-01 6.85E+02 2.11E+15 3.64E+01 1.58E+01 5.38E+01   0
   3 1.10E+00 6.63E+02 2.15E+15 3.70E+01 1.60E+01 5.31E+01   0
 =============================================================
   (1) Optical depth at 5.5E-01 microns
   (2) Bolometric flux at the inner radius 
   (3) Inner radius for L=1E4 Lsun
   (4) Ratio of the inner to the stellar radius
   (5) Angular size (in arcsec) when Fbol=1E-6 W/m2
   (6) Dust temperature at the outer edge (in K)
   (7) Maximum error in flux conservation (%)
 =================================================
  Everything is OK for all models
  Table with spectral properties is in file *.spp
  Spectra are in files *.s##
  Radial profiles are in files *.r##
 ========== THE END ==============================
