 ===========================
  Output from program Dusty 
  Version: 2.07
 ===========================
  
  INPUT parameters from file:
  Model_SeanD_fa20/Model0006/sphere-2_model0006.inp                                                                                           
  
* ----------------------------------------------------------------------
* NOTES:
* This is a complicated version of an input file, though without any user
* supplied files.
* ----------------------------------------------------------------------
  Central source spectrum described by  2 black bodies
  with temperatures (in K):
   8.000E+03 2.500E+03
  and relative luminosities, respectively:
   8.0E-01   2.0E-01
  --------------------------------------------
  Dust temperature on the inner boundary: 1.00E+03 K
  --------------------------------------------
  Abundances for supported grains:
  Sil-Ow Sil-Oc Sil-DL grf-DL amC-Hn SiC-Pg
  0.000  0.000  0.000  0.400  0.600  0.000
  MRN size distribution:
       Power q:  3.5
  Minimal size: 1.00E-02 microns
  Maximal size: 5.00E-01 microns
  --------------------------------------------
  Density described by smooth power law
   power   Ytransition
   -------------------
               1.0
    2.0
           1.000E+01
    1.0
           1.000E+02
    0.0
           1.000E+03
  --------------------------------------------
  Optical depths at 5.5E-01 microns
  ranging from 1.00E-02 to 1.00E+02
    5 models with logarithmic grid           
  Required accuracy: 5%
  --------------------------------------------
  --------------------------------------------
  ====================================================  
  For compliance with the point-source assumption, the
  following results should only be applied to sources 
  whose effective temperature exceeds 2000 K.
  ====================================================
          
  RESULTS:
  --------
 ###   tau0   Fi(W/m2)  r1(cm)    r1/rc   theta1   Td(Y)   err 
 ###     1        2        3        4        5       6      7  
 ============================================================= 
   1 1.00E-02 3.59E+04 2.92E+14 7.21E+01 2.18E+00 7.34E+01   0
   2 1.00E-01 3.55E+04 2.94E+14 7.25E+01 2.19E+00 7.25E+01   0
   3 1.00E+00 3.21E+04 3.09E+14 7.62E+01 2.30E+00 6.43E+01   0
   4 1.00E+01 2.29E+04 3.65E+14 9.02E+01 2.73E+00 4.24E+01   0
   5 1.00E+02 1.49E+04 4.53E+14 1.12E+02 3.38E+00 2.91E+01   1
 =============================================================
   (1) Optical depth at 5.5E-01 microns
   (2) Bolometric flux at the inner radius 
   (3) Inner radius for L=1E4 Lsun
   (4) Ratio of the inner to the stellar radius
   (5) Angular size (in arcsec) when Fbol=1E-6 W/m2
   (6) Dust temperature at the outer edge (in K)
   (7) Maximum error in flux conservation (%)
 =================================================
  Everything is OK for all models
  Table with spectral properties is in file *.spp
  Spectra are in files *.s##
  Radial profiles are in files *.r##
 ========== THE END ==============================
