 ===========================
  Output from program Dusty 
  Version: 2.07
 ===========================
  
  INPUT parameters from file:
  Sean_mod/Model_Library/0235/sphere-1_0235.inp                                                                                               
  
* ----------------------------------------------------------------------
* NOTES:
* This is a simple input file for a spherical shell with a minimal output
* ----------------------------------------------------------------------
  Central source spectrum described by Engelke-Marengo function           
  with Teff = 2.000E+03  K and depth of
  the SiO absorption feature =  10.0 %
  --------------------------------------------
  Dust temperature on the inner boundary: 1.50E+03 K
  --------------------------------------------
  Abundances for supported grains:
  Sil-Ow Sil-Oc Sil-DL grf-DL amC-Hn SiC-Pg
  0.000  0.000  0.000  0.000  0.000  0.000
  Abundances for user supplied grains:
     1      2      3      4      5      6      7
  0.002  0.015  0.587  0.035  0.352  0.008  0.000
  User supplied n and k from:
  1) Lib_nk\Corundum.nk                                                    
  2) Lib_nk\Mg2Fe8O.nk                                                     
  3) Lib_nk\FeHofm.nk                                                      
  4) Lib_nk\Al2O3-comp.nk                                                  
  5) Lib_nk\cosmic_glass_20120815_DUSTY.nk                                 
  6) Lib_nk\FeO.nk                                                         
  7) Lib_nk\Mg1Fe9O.nk                                                     
  MRN size distribution:
       Power q:  3.5
  Minimal size: 5.00E-03 microns
  Maximal size: 2.50E-01 microns
  --------------------------------------------
  Density described by 1/r**k with k =  2.0
  Relative thickness: 5.000E+02
  --------------------------------------------
  Optical depths at 5.5E-01 microns
  ranging from 7.50E-01 to 1.00E+00
    3 models with linear grid                
  Required accuracy: 5%
  --------------------------------------------
  --------------------------------------------
  ====================================================  
  For compliance with the point-source assumption, the
  following results should only be applied to sources 
  whose effective temperature exceeds 3022 K.
  ====================================================
