 ===========================
  Output from program Dusty 
  Version: 2.07
 ===========================
  
  INPUT parameters from file:
  Sean_mod/Model_Library/0168/sphere-1_0168.inp                                                                                               
  
* ----------------------------------------------------------------------
* NOTES:
* This is a simple input file for a spherical shell with a minimal output
* ----------------------------------------------------------------------
  Central source spectrum described by a black body                       
  with temperature: 2.000E+03 K
  --------------------------------------------
  Dust temperature on the inner boundary: 1.50E+03 K
  --------------------------------------------
  Abundances for supported grains:
  Sil-Ow Sil-Oc Sil-DL grf-DL amC-Hn SiC-Pg
  0.000  0.000  0.000  0.000  0.000  0.000
  Abundances for user supplied grains:
     1      2      3      4
  0.006  0.248  0.621  0.124
  User supplied n and k from:
  1) Lib_nk\Corundum.nk                                                    
  2) Lib_nk\FeO.nk                                                         
  3) Lib_nk\FeHofm.nk                                                      
  4) Lib_nk\Al2O3-comp.nk                                                  
  MRN size distribution:
       Power q:  3.5
  Minimal size: 5.00E-03 microns
  Maximal size: 2.50E-01 microns
  --------------------------------------------
  Density described by smooth power law
   power   Ytransition
   -------------------
               1.0
    2.0
           1.000E+02
    1.5
           1.000E+03
  --------------------------------------------
  Optical depths at 5.5E-01 microns
  ranging from 1.25E+00 to 1.75E+00
    3 models with linear grid                
  Required accuracy: 5%
  --------------------------------------------
  --------------------------------------------
  ====================================================  
  For compliance with the point-source assumption, the
  following results should only be applied to sources 
  whose effective temperature exceeds 3728 K.
  ====================================================
          
  RESULTS:
  --------
 ###   tau0   Fi(W/m2)  r1(cm)    r1/rc   theta1   Td(Y)   err 
 ###     1        2        3        4        5       6      7  
 ============================================================= 
   1 1.25E+00 5.89E+05 7.20E+13 1.24E+00 5.37E-01 9.15E+01   0
 ** WARNING: the input spectrum is a black-body at 2000 K **
 *The point-source assumption requires min Teff of 3591 K **
   2 1.50E+00 5.74E+05 7.30E+13 1.26E+00 5.45E-01 9.07E+01   0
 ** WARNING: the input spectrum is a black-body at 2000 K **
 *The point-source assumption requires min Teff of 3568 K **
   3 1.75E+00 5.60E+05 7.39E+13 1.27E+00 5.51E-01 8.99E+01   0
 ** WARNING: the input spectrum is a black-body at 2000 K **
 *The point-source assumption requires min Teff of 3545 K **
 =============================================================
   (1) Optical depth at 5.5E-01 microns
   (2) Bolometric flux at the inner radius 
   (3) Inner radius for L=1E4 Lsun
   (4) Ratio of the inner to the stellar radius
   (5) Angular size (in arcsec) when Fbol=1E-6 W/m2
   (6) Dust temperature at the outer edge (in K)
   (7) Maximum error in flux conservation (%)
 =================================================
  Everything is OK for all models
  Table with spectral properties is in file *.spp
  Spectra are in files *.s##
  Radial profiles are in files *.r##
 ========== THE END ==============================
