 ===========================
  Output from program Dusty 
  Version: 2.07
 ===========================
  
  INPUT parameters from file:
  Model_SeanD_fa20/Model0023/sphere-1_0023.inp                                                                                                
  
* ----------------------------------------------------------------------
* NOTES:
* This is a simple input file for a spherical shell with a minimal output
* ----------------------------------------------------------------------
  Central source spectrum described by a black body                       
  with temperature: 2.500E+03 K
  --------------------------------------------
  Dust temperature on the inner boundary: 4.00E+02 K
  --------------------------------------------
  Abundances for supported grains:
  Sil-Ow Sil-Oc Sil-DL grf-DL amC-Hn SiC-Pg
  1.000  0.000  0.000  0.000  0.000  0.000
  MRN size distribution:
       Power q:  3.5
  Minimal size: 5.00E-03 microns
  Maximal size: 2.50E-01 microns
  --------------------------------------------
  Density described by 1/r**k with k =  2.0
  Relative thickness: 1.000E+03
  --------------------------------------------
  Optical depths at 5.5E-01 microns
  ranging from 1.00E-02 to 1.00E+01
    4 models with logarithmic grid           
  Required accuracy: 5%
  --------------------------------------------
  --------------------------------------------
  ====================================================  
  For compliance with the point-source assumption, the
  following results should only be applied to sources 
  whose effective temperature exceeds 929  K.
  ====================================================
          
  RESULTS:
  --------
 ###   tau0   Fi(W/m2)  r1(cm)    r1/rc   theta1   Td(Y)   err 
 ###     1        2        3        4        5       6      7  
 ============================================================= 
   1 1.00E-02 2.64E+03 1.08E+15 2.90E+01 8.03E+00 2.95E+01   0
   2 1.00E-01 2.61E+03 1.08E+15 2.92E+01 8.08E+00 2.95E+01   0
   3 1.00E+00 2.34E+03 1.14E+15 3.08E+01 8.53E+00 2.87E+01   0
   4 1.00E+01 1.43E+03 1.46E+15 3.93E+01 1.09E+01 2.46E+01   0
 =============================================================
   (1) Optical depth at 5.5E-01 microns
   (2) Bolometric flux at the inner radius 
   (3) Inner radius for L=1E4 Lsun
   (4) Ratio of the inner to the stellar radius
   (5) Angular size (in arcsec) when Fbol=1E-6 W/m2
   (6) Dust temperature at the outer edge (in K)
   (7) Maximum error in flux conservation (%)
 =================================================
  Everything is OK for all models
  Table with spectral properties is in file *.spp
  Spectra are in files *.s##
 ========== THE END ==============================
