 ===========================
  Output from program Dusty 
  Version: 2.07
 ===========================
  
  INPUT parameters from file:
  Model_SeanD_fa20/Model0033/sphere-1_0033.inp                                                                                                
  
* ----------------------------------------------------------------------
* NOTES:
* This is a simple input file for a spherical shell with a minimal output
* ----------------------------------------------------------------------
  Central source spectrum described by a black body                       
  with temperature: 2.500E+03 K
  --------------------------------------------
  Dust temperature on the inner boundary: 1.50E+03 K
  --------------------------------------------
  Abundances for supported grains:
  Sil-Ow Sil-Oc Sil-DL grf-DL amC-Hn SiC-Pg
  1.000  0.000  0.000  0.000  0.000  0.000
  MRN size distribution:
       Power q:  3.5
  Minimal size: 5.00E-03 microns
  Maximal size: 2.50E-01 microns
  --------------------------------------------
  Density described by 1/r**k with k =  2.0
  Relative thickness: 1.000E+03
  --------------------------------------------
  Optical depths at 5.5E-01 microns
  ranging from 1.00E-02 to 1.00E+01
    4 models with logarithmic grid           
  Required accuracy: 5%
  --------------------------------------------
  --------------------------------------------
  ====================================================  
  For compliance with the point-source assumption, the
  following results should only be applied to sources 
  whose effective temperature exceeds 3591 K.
  ====================================================
          
  RESULTS:
  --------
 ###   tau0   Fi(W/m2)  r1(cm)    r1/rc   theta1   Td(Y)   err 
 ###     1        2        3        4        5       6      7  
 ============================================================= 
   1 1.00E-02 5.89E+05 7.20E+13 1.94E+00 5.38E-01 7.36E+01   0
 ** WARNING: the input spectrum is a black-body at 2500 K **
 *The point-source assumption requires min Teff of 3591 K **
   2 1.00E-01 5.82E+05 7.25E+13 1.95E+00 5.41E-01 7.34E+01   0
 ** WARNING: the input spectrum is a black-body at 2500 K **
 *The point-source assumption requires min Teff of 3580 K **
   3 1.00E+00 5.23E+05 7.64E+13 2.06E+00 5.70E-01 7.14E+01   0
 ** WARNING: the input spectrum is a black-body at 2500 K **
 *The point-source assumption requires min Teff of 3486 K **
   4 1.00E+01 3.18E+05 9.80E+13 2.64E+00 7.31E-01 6.12E+01   0
 ** WARNING: the input spectrum is a black-body at 2500 K **
 *The point-source assumption requires min Teff of 3079 K **
 =============================================================
   (1) Optical depth at 5.5E-01 microns
   (2) Bolometric flux at the inner radius 
   (3) Inner radius for L=1E4 Lsun
   (4) Ratio of the inner to the stellar radius
   (5) Angular size (in arcsec) when Fbol=1E-6 W/m2
   (6) Dust temperature at the outer edge (in K)
   (7) Maximum error in flux conservation (%)
 =================================================
  Everything is OK for all models
  Table with spectral properties is in file *.spp
  Spectra are in files *.s##
 ========== THE END ==============================
