 ===========================
  Output from program Dusty 
  Version: 2.07
 ===========================
  
  INPUT parameters from file:
  Sean_mod/0071/sphere-1_0071.inp                                                                                                             
  
* ----------------------------------------------------------------------
* NOTES:
* This is a simple input file for a spherical shell with a minimal output
* ----------------------------------------------------------------------
  Central source spectrum described by a black body                       
  with temperature: 3.000E+03 K
  --------------------------------------------
  Dust temperature on the inner boundary: 1.20E+03 K
  --------------------------------------------
  Abundances for supported grains:
  Sil-Ow Sil-Oc Sil-DL grf-DL amC-Hn SiC-Pg
  0.000  0.000  0.000  0.000  0.800  0.000
  Abundances for user supplied grains:
     1
  0.200
  User supplied n and k from:
  1) Lib_nk\crMgFeSil.nk                                                   
  MRN size distribution:
       Power q:  3.5
  Minimal size: 5.00E-03 microns
  Maximal size: 2.50E-01 microns
  --------------------------------------------
  Density described by 1/r**k with k =  2.0
  Relative thickness: 1.000E+02
  --------------------------------------------
  Optical depths at 5.5E-01 microns
  ranging from 1.00E-02 to 5.10E-01
    6 models with linear grid                
  Required accuracy: 5%
  --------------------------------------------
  --------------------------------------------
  ====================================================  
  For compliance with the point-source assumption, the
  following results should only be applied to sources 
  whose effective temperature exceeds 2478 K.
  ====================================================
          
  RESULTS:
  --------
 ###   tau0   Fi(W/m2)  r1(cm)    r1/rc   theta1   Td(Y)   err 
 ###     1        2        3        4        5       6      7  
 ============================================================= 
   1 1.00E-02 1.34E+05 1.51E+14 5.87E+00 1.13E+00 1.99E+02   0
   2 1.10E-01 1.32E+05 1.52E+14 5.91E+00 1.14E+00 1.97E+02   0
   3 2.10E-01 1.30E+05 1.53E+14 5.95E+00 1.14E+00 1.95E+02   0
   4 3.10E-01 1.28E+05 1.54E+14 5.99E+00 1.15E+00 1.94E+02   0
   5 4.10E-01 1.27E+05 1.55E+14 6.03E+00 1.16E+00 1.92E+02   0
   6 5.10E-01 1.25E+05 1.56E+14 6.06E+00 1.17E+00 1.90E+02   0
 =============================================================
   (1) Optical depth at 5.5E-01 microns
   (2) Bolometric flux at the inner radius 
   (3) Inner radius for L=1E4 Lsun
   (4) Ratio of the inner to the stellar radius
   (5) Angular size (in arcsec) when Fbol=1E-6 W/m2
   (6) Dust temperature at the outer edge (in K)
   (7) Maximum error in flux conservation (%)
 =================================================
  Everything is OK for all models
  Table with spectral properties is in file *.spp
  Spectra are in files *.s##
 ========== THE END ==============================
