 ===========================
  Output from program Dusty 
  Version: 2.07
 ===========================
  
  INPUT parameters from file:
  Model_SeanD_fa20/Model0034/sphere-1_0034.inp                                                                                                
  
* ----------------------------------------------------------------------
* NOTES:
* This is a simple input file for a spherical shell with a minimal output
* ----------------------------------------------------------------------
  Central source spectrum described by a black body                       
  with temperature: 2.500E+03 K
  --------------------------------------------
  Dust temperature on the inner boundary: 1.63E+03 K
  --------------------------------------------
  Abundances for supported grains:
  Sil-Ow Sil-Oc Sil-DL grf-DL amC-Hn SiC-Pg
  1.000  0.000  0.000  0.000  0.000  0.000
  MRN size distribution:
       Power q:  3.5
  Minimal size: 5.00E-03 microns
  Maximal size: 2.50E-01 microns
  --------------------------------------------
  Density described by 1/r**k with k =  2.0
  Relative thickness: 1.000E+03
  --------------------------------------------
  Optical depths at 5.5E-01 microns
  ranging from 1.00E-02 to 1.00E+01
    4 models with logarithmic grid           
  Required accuracy: 5%
  --------------------------------------------
  --------------------------------------------
  ====================================================  
  For compliance with the point-source assumption, the
  following results should only be applied to sources 
  whose effective temperature exceeds 3980 K.
  ====================================================
          
  RESULTS:
  --------
 ###   tau0   Fi(W/m2)  r1(cm)    r1/rc   theta1   Td(Y)   err 
 ###     1        2        3        4        5       6      7  
 ============================================================= 
   1 1.00E-02 8.89E+05 5.86E+13 1.58E+00 4.38E-01 7.90E+01   0
 ** WARNING: the input spectrum is a black-body at 2500 K **
 *The point-source assumption requires min Teff of 3980 K **
   2 1.00E-01 8.79E+05 5.90E+13 1.59E+00 4.40E-01 7.88E+01   0
 ** WARNING: the input spectrum is a black-body at 2500 K **
 *The point-source assumption requires min Teff of 3968 K **
   3 1.00E+00 7.88E+05 6.23E+13 1.68E+00 4.65E-01 7.66E+01   0
 ** WARNING: the input spectrum is a black-body at 2500 K **
 *The point-source assumption requires min Teff of 3862 K **
   4 1.00E+01 4.71E+05 8.06E+13 2.17E+00 6.01E-01 6.55E+01   0
 ** WARNING: the input spectrum is a black-body at 2500 K **
 *The point-source assumption requires min Teff of 3395 K **
 =============================================================
   (1) Optical depth at 5.5E-01 microns
   (2) Bolometric flux at the inner radius 
   (3) Inner radius for L=1E4 Lsun
   (4) Ratio of the inner to the stellar radius
   (5) Angular size (in arcsec) when Fbol=1E-6 W/m2
   (6) Dust temperature at the outer edge (in K)
   (7) Maximum error in flux conservation (%)
 =================================================
  Everything is OK for all models
  Table with spectral properties is in file *.spp
  Spectra are in files *.s##
 ========== THE END ==============================
