 ===========================
  Output from program Dusty 
  Version: 2.07
 ===========================
  
  INPUT parameters from file:
  Sean_mod/Model_Library/0141/sphere-1_0141.inp                                                                                               
  
* ----------------------------------------------------------------------
* NOTES:
* This is a simple input file for a spherical shell with a minimal output
* ----------------------------------------------------------------------
  Central source spectrum described by a black body                       
  with temperature: 2.000E+03 K
  --------------------------------------------
  Dust temperature on the inner boundary: 1.00E+03 K
  --------------------------------------------
  Abundances for supported grains:
  Sil-Ow Sil-Oc Sil-DL grf-DL amC-Hn SiC-Pg
  0.405  0.000  0.000  0.000  0.000  0.000
  Abundances for user supplied grains:
     1      2      3      4
  0.004  0.081  0.405  0.105
  User supplied n and k from:
  1) Lib_nk\Corundum.nk                                                    
  2) Lib_nk\FeO.nk                                                         
  3) Lib_nk\FeHofm.nk                                                      
  4) Lib_nk\Al2O3-comp.nk                                                  
  MRN size distribution:
       Power q:  3.5
  Minimal size: 5.00E-03 microns
  Maximal size: 2.50E-01 microns
  --------------------------------------------
  Density described by 1/r**k with k =  2.7
  Relative thickness: 1.000E+02
  --------------------------------------------
  Optical depths at 5.5E-01 microns
  ranging from 1.10E+00 to 3.00E+00
    4 models with linear grid                
  Required accuracy: 5%
  --------------------------------------------
  --------------------------------------------
  ====================================================  
  For compliance with the point-source assumption, the
  following results should only be applied to sources 
  whose effective temperature exceeds 2136 K.
  ====================================================
          
  RESULTS:
  --------
 ###   tau0   Fi(W/m2)  r1(cm)    r1/rc   theta1   Td(Y)   err 
 ###     1        2        3        4        5       6      7  
 ============================================================= 
   1 1.10E+00 6.50E+04 2.17E+14 3.74E+00 1.62E+00 1.28E+02   0
 ** WARNING: the input spectrum is a black-body at 2000 K **
 *The point-source assumption requires min Teff of 2069 K **
   2 1.73E+00 6.14E+04 2.23E+14 3.85E+00 1.67E+00 1.25E+02   0
 ** WARNING: the input spectrum is a black-body at 2000 K **
 *The point-source assumption requires min Teff of 2040 K **
   3 2.37E+00 5.86E+04 2.29E+14 3.94E+00 1.70E+00 1.22E+02   0
 ** WARNING: the input spectrum is a black-body at 2000 K **
 *The point-source assumption requires min Teff of 2016 K **
   4 3.00E+00 5.62E+04 2.33E+14 4.02E+00 1.74E+00 1.20E+02   0
 ** WARNING: the input spectrum is a black-body at 2000 K **
 *The point-source assumption requires min Teff of 2000 K **
 =============================================================
   (1) Optical depth at 5.5E-01 microns
   (2) Bolometric flux at the inner radius 
   (3) Inner radius for L=1E4 Lsun
   (4) Ratio of the inner to the stellar radius
   (5) Angular size (in arcsec) when Fbol=1E-6 W/m2
   (6) Dust temperature at the outer edge (in K)
   (7) Maximum error in flux conservation (%)
 =================================================
  Everything is OK for all models
  Table with spectral properties is in file *.spp
  Spectra are in files *.s##
  Radial profiles are in files *.r##
 ========== THE END ==============================
