 ===========================
  Output from program Dusty 
  Version: 2.07
 ===========================
  
  INPUT parameters from file:
  Sean_mod/Model_Library/0196/sphere-1_0196.inp                                                                                               
  
* ----------------------------------------------------------------------
* NOTES:
* This is a simple input file for a spherical shell with a minimal output
* ----------------------------------------------------------------------
  Central source spectrum described by a black body                       
  with temperature: 2.000E+03 K
  --------------------------------------------
  Dust temperature on the inner boundary: 1.50E+03 K
  --------------------------------------------
  Abundances for supported grains:
  Sil-Ow Sil-Oc Sil-DL grf-DL amC-Hn SiC-Pg
  0.220  0.000  0.000  0.000  0.000  0.000
  Abundances for user supplied grains:
     1      2      3      4      5      6      7
  0.009  0.000  0.551  0.110  0.000  0.110  0.000
  User supplied n and k from:
  1) Lib_nk\Corundum.nk                                                    
  2) Lib_nk\Mg2Fe8O.nk                                                     
  3) Lib_nk\FeHofm.nk                                                      
  4) Lib_nk\Al2O3-comp.nk                                                  
  5) Lib_nk\cosmic_glass_20120815_DUSTY.nk                                 
  6) Lib_nk\FeO.nk                                                         
  7) Lib_nk\Mg1Fe9O.nk                                                     
  MRN size distribution:
       Power q:  3.5
  Minimal size: 5.00E-03 microns
  Maximal size: 2.50E-01 microns
  --------------------------------------------
  Density described by 1/r**k with k =  1.8
  Relative thickness: 1.000E+03
  --------------------------------------------
  Optical depths at 5.5E-01 microns
  ranging from 1.00E+00 to 1.50E+00
    6 models with linear grid                
  Required accuracy: 5%
  --------------------------------------------
  --------------------------------------------
  ====================================================  
  For compliance with the point-source assumption, the
  following results should only be applied to sources 
  whose effective temperature exceeds 3745 K.
  ====================================================
          
  RESULTS:
  --------
 ###   tau0   Fi(W/m2)  r1(cm)    r1/rc   theta1   Td(Y)   err 
 ###     1        2        3        4        5       6      7  
 ============================================================= 
   1 1.00E+00 6.31E+05 6.96E+13 1.20E+00 5.19E-01 8.99E+01   0
 ** WARNING: the input spectrum is a black-body at 2000 K **
 *The point-source assumption requires min Teff of 3653 K **
   2 1.10E+00 6.25E+05 6.99E+13 1.21E+00 5.22E-01 8.96E+01   0
 ** WARNING: the input spectrum is a black-body at 2000 K **
 *The point-source assumption requires min Teff of 3645 K **
   3 1.20E+00 6.20E+05 7.03E+13 1.21E+00 5.24E-01 8.93E+01   0
 ** WARNING: the input spectrum is a black-body at 2000 K **
 *The point-source assumption requires min Teff of 3636 K **
   4 1.30E+00 6.14E+05 7.06E+13 1.22E+00 5.27E-01 8.90E+01   0
 ** WARNING: the input spectrum is a black-body at 2000 K **
 *The point-source assumption requires min Teff of 3628 K **
   5 1.40E+00 6.09E+05 7.09E+13 1.22E+00 5.29E-01 8.87E+01   0
 ** WARNING: the input spectrum is a black-body at 2000 K **
 *The point-source assumption requires min Teff of 3620 K **
   6 1.50E+00 6.03E+05 7.12E+13 1.23E+00 5.31E-01 8.84E+01   0
 ** WARNING: the input spectrum is a black-body at 2000 K **
 *The point-source assumption requires min Teff of 3612 K **
 =============================================================
   (1) Optical depth at 5.5E-01 microns
   (2) Bolometric flux at the inner radius 
   (3) Inner radius for L=1E4 Lsun
   (4) Ratio of the inner to the stellar radius
   (5) Angular size (in arcsec) when Fbol=1E-6 W/m2
   (6) Dust temperature at the outer edge (in K)
   (7) Maximum error in flux conservation (%)
 =================================================
  Everything is OK for all models
  Table with spectral properties is in file *.spp
  Spectra are in files *.s##
  Radial profiles are in files *.r##
 ========== THE END ==============================
