 ===========================
  Output from program Dusty 
  Version: 2.07
 ===========================
  
  INPUT parameters from file:
  Sean_mod/Model_Library/0236/sphere-1_0236.inp                                                                                               
  
* ----------------------------------------------------------------------
* NOTES:
* This is a simple input file for a spherical shell with a minimal output
* ----------------------------------------------------------------------
  Central source spectrum described by Engelke-Marengo function           
  with Teff = 2.000E+03  K and depth of
  the SiO absorption feature =  10.0 %
  --------------------------------------------
  Dust temperature on the inner boundary: 1.00E+03 K
  --------------------------------------------
  Abundances for supported grains:
  Sil-Ow Sil-Oc Sil-DL grf-DL amC-Hn SiC-Pg
  0.000  0.000  0.000  0.000  0.000  0.000
  Abundances for user supplied grains:
     1      2      3      4      5      6      7
  0.002  0.015  0.587  0.035  0.352  0.008  0.000
  User supplied n and k from:
  1) Lib_nk\Corundum.nk                                                    
  2) Lib_nk\Mg2Fe8O.nk                                                     
  3) Lib_nk\FeHofm.nk                                                      
  4) Lib_nk\Al2O3-comp.nk                                                  
  5) Lib_nk\cosmic_glass_20120815_DUSTY.nk                                 
  6) Lib_nk\FeO.nk                                                         
  7) Lib_nk\Mg1Fe9O.nk                                                     
  MRN size distribution:
       Power q:  3.5
  Minimal size: 5.00E-03 microns
  Maximal size: 2.50E-01 microns
  --------------------------------------------
  Density described by 1/r**k with k =  2.2
  Relative thickness: 5.000E+02
  --------------------------------------------
  Optical depths at 5.5E-01 microns
  ranging from 7.50E-01 to 1.00E+00
    3 models with linear grid                
  Required accuracy: 5%
  --------------------------------------------
  --------------------------------------------
  ====================================================  
  For compliance with the point-source assumption, the
  following results should only be applied to sources 
  whose effective temperature exceeds 2000 K.
  ====================================================
          
  RESULTS:
  --------
 ###   tau0   Fi(W/m2)  r1(cm)    r1/rc   theta1   Td(Y)   err 
 ###     1        2        3        4        5       6      7  
 ============================================================= 
   1 7.50E-01 2.48E+04 3.51E+14 6.05E+00 2.62E+00 7.80E+01   0
 ** WARNING: the input spectrum is a black-body at 2000 K **
 *The point-source assumption requires min Teff of 2000 K **
   2 8.75E-01 2.43E+04 3.55E+14 6.11E+00 2.65E+00 7.72E+01   0
 ** WARNING: the input spectrum is a black-body at 2000 K **
 *The point-source assumption requires min Teff of 2000 K **
   3 1.00E+00 2.39E+04 3.58E+14 6.17E+00 2.67E+00 7.64E+01   0
 ** WARNING: the input spectrum is a black-body at 2000 K **
 *The point-source assumption requires min Teff of 2000 K **
 =============================================================
   (1) Optical depth at 5.5E-01 microns
   (2) Bolometric flux at the inner radius 
   (3) Inner radius for L=1E4 Lsun
   (4) Ratio of the inner to the stellar radius
   (5) Angular size (in arcsec) when Fbol=1E-6 W/m2
   (6) Dust temperature at the outer edge (in K)
   (7) Maximum error in flux conservation (%)
 =================================================
  Everything is OK for all models
  Table with spectral properties is in file *.spp
  Spectra are in files *.s##
  Radial profiles are in files *.r##
 ========== THE END ==============================
