 ===========================
  Output from program Dusty 
  Version: 2.07
 ===========================
  
  INPUT parameters from file:
  Sean_mod/0075/sphere-1_0075.inp                                                                                                             
  
* ----------------------------------------------------------------------
* NOTES:
* This is a simple input file for a spherical shell with a minimal output
* ----------------------------------------------------------------------
  Central source spectrum described by a black body                       
  with temperature: 2.900E+03 K
  --------------------------------------------
  Dust temperature on the inner boundary: 1.20E+03 K
  --------------------------------------------
  Abundances for supported grains:
  Sil-Ow Sil-Oc Sil-DL grf-DL amC-Hn SiC-Pg
  0.000  0.000  0.000  0.000  0.000  0.000
  Abundances for user supplied grains:
     1      2
  0.200  0.800
  User supplied n and k from:
  1) Lib_nk\Al2O3-por.nk                                                   
  2) Lib_nk\crMgFeSil.nk                                                   
  MRN size distribution:
       Power q:  3.5
  Minimal size: 5.00E-03 microns
  Maximal size: 2.50E-01 microns
  --------------------------------------------
  Density described by 1/r**k with k =  2.0
  Relative thickness: 1.000E+02
  --------------------------------------------
  Optical depths at 5.5E-01 microns
  ranging from 1.00E-02 to 5.10E-01
    6 models with linear grid                
  Required accuracy: 5%
  --------------------------------------------
  --------------------------------------------
  ====================================================  
  For compliance with the point-source assumption, the
  following results should only be applied to sources 
  whose effective temperature exceeds 2850 K.
  ====================================================
          
  RESULTS:
  --------
 ###   tau0   Fi(W/m2)  r1(cm)    r1/rc   theta1   Td(Y)   err 
 ###     1        2        3        4        5       6      7  
 ============================================================= 
   1 1.00E-02 2.33E+05 1.14E+14 4.15E+00 8.54E-01 1.24E+02   0
   2 1.10E-01 2.29E+05 1.16E+14 4.19E+00 8.62E-01 1.24E+02   0
   3 2.10E-01 2.25E+05 1.17E+14 4.23E+00 8.70E-01 1.23E+02   0
   4 3.10E-01 2.21E+05 1.18E+14 4.26E+00 8.78E-01 1.23E+02   0
   5 4.10E-01 2.17E+05 1.19E+14 4.30E+00 8.86E-01 1.23E+02   0
   6 5.10E-01 2.13E+05 1.20E+14 4.34E+00 8.94E-01 1.22E+02   0
 =============================================================
   (1) Optical depth at 5.5E-01 microns
   (2) Bolometric flux at the inner radius 
   (3) Inner radius for L=1E4 Lsun
   (4) Ratio of the inner to the stellar radius
   (5) Angular size (in arcsec) when Fbol=1E-6 W/m2
   (6) Dust temperature at the outer edge (in K)
   (7) Maximum error in flux conservation (%)
 =================================================
  Everything is OK for all models
  Table with spectral properties is in file *.spp
  Spectra are in files *.s##
 ========== THE END ==============================
