 ===========================
  Output from program Dusty 
  Version: 2.07
 ===========================
  
  INPUT parameters from file:
  Sean_mod/0092/sphere-1_0092.inp                                                                                                             
  
* ----------------------------------------------------------------------
* NOTES:
* This is a simple input file for a spherical shell with a minimal output
* ----------------------------------------------------------------------
  Central source spectrum described by a black body                       
  with temperature: 2.900E+03 K
  --------------------------------------------
  Dust temperature on the inner boundary: 1.20E+03 K
  --------------------------------------------
  Abundances for supported grains:
  Sil-Ow Sil-Oc Sil-DL grf-DL amC-Hn SiC-Pg
  0.000  0.000  0.000  0.000  0.000  0.000
  Abundances for user supplied grains:
     1
  1.000
  User supplied n and k from:
  1) Lib_nk\opyr-slb.nk                                                    
  MRN size distribution:
       Power q:  3.5
  Minimal size: 5.00E-03 microns
  Maximal size: 2.50E-01 microns
  --------------------------------------------
  Density described by 1/r**k with k =  2.0
  Relative thickness: 1.000E+02
  --------------------------------------------
  Optical depths at 5.5E-01 microns
  ranging from 1.00E-02 to 5.10E-01
    6 models with linear grid                
  Required accuracy: 5%
  --------------------------------------------
  --------------------------------------------
  ====================================================  
  For compliance with the point-source assumption, the
  following results should only be applied to sources 
  whose effective temperature exceeds 4397 K.
  ====================================================
          
  RESULTS:
  --------
 ###   tau0   Fi(W/m2)  r1(cm)    r1/rc   theta1   Td(Y)   err 
 ###     1        2        3        4        5       6      7  
 ============================================================= 
   1 1.00E-02 1.32E+06 4.81E+13 1.74E+00 3.59E-01 9.16E+01   0
 ** WARNING: the input spectrum is a black-body at 2900 K **
 *The point-source assumption requires min Teff of 4394 K **
   2 1.10E-01 1.28E+06 4.89E+13 1.77E+00 3.65E-01 9.15E+01   0
 ** WARNING: the input spectrum is a black-body at 2900 K **
 *The point-source assumption requires min Teff of 4359 K **
   3 2.10E-01 1.24E+06 4.97E+13 1.80E+00 3.71E-01 9.13E+01   0
 ** WARNING: the input spectrum is a black-body at 2900 K **
 *The point-source assumption requires min Teff of 4325 K **
   4 3.10E-01 1.20E+06 5.05E+13 1.83E+00 3.76E-01 9.12E+01   0
 ** WARNING: the input spectrum is a black-body at 2900 K **
 *The point-source assumption requires min Teff of 4291 K **
   5 4.10E-01 1.16E+06 5.13E+13 1.86E+00 3.82E-01 9.10E+01   0
 ** WARNING: the input spectrum is a black-body at 2900 K **
 *The point-source assumption requires min Teff of 4257 K **
   6 5.10E-01 1.13E+06 5.21E+13 1.89E+00 3.89E-01 9.09E+01   0
 ** WARNING: the input spectrum is a black-body at 2900 K **
 *The point-source assumption requires min Teff of 4223 K **
 =============================================================
   (1) Optical depth at 5.5E-01 microns
   (2) Bolometric flux at the inner radius 
   (3) Inner radius for L=1E4 Lsun
   (4) Ratio of the inner to the stellar radius
   (5) Angular size (in arcsec) when Fbol=1E-6 W/m2
   (6) Dust temperature at the outer edge (in K)
   (7) Maximum error in flux conservation (%)
 =================================================
  Everything is OK for all models
  Table with spectral properties is in file *.spp
  Spectra are in files *.s##
 ========== THE END ==============================
