 ===========================
  Output from program Dusty 
  Version: 2.07
 ===========================
  
  INPUT parameters from file:
  Sean_mod/0084/sphere-1_0084.inp                                                                                                             
  
* ----------------------------------------------------------------------
* NOTES:
* This is a simple input file for a spherical shell with a minimal output
* ----------------------------------------------------------------------
  Central source spectrum described by a black body                       
  with temperature: 2.900E+03 K
  --------------------------------------------
  Dust temperature on the inner boundary: 1.20E+03 K
  --------------------------------------------
  Abundances for supported grains:
  Sil-Ow Sil-Oc Sil-DL grf-DL amC-Hn SiC-Pg
  0.000  0.000  0.000  0.000  0.000  0.000
  Abundances for user supplied grains:
     1
  1.000
  User supplied n and k from:
  1) Lib_nk\forstB.nk                                                      
  MRN size distribution:
       Power q:  3.5
  Minimal size: 5.00E-03 microns
  Maximal size: 2.50E-01 microns
  --------------------------------------------
  Density described by 1/r**k with k =  2.0
  Relative thickness: 1.000E+02
  --------------------------------------------
  Optical depths at 5.5E-01 microns
  ranging from 1.00E-02 to 5.10E-01
    6 models with linear grid                
  Required accuracy: 5%
  --------------------------------------------
  --------------------------------------------
  ====================================================  
  For compliance with the point-source assumption, the
  following results should only be applied to sources 
  whose effective temperature exceeds 5886 K.
  ====================================================
          
  RESULTS:
  --------
 ###   tau0   Fi(W/m2)  r1(cm)    r1/rc   theta1   Td(Y)   err 
 ###     1        2        3        4        5       6      7  
 ============================================================= 
   1 1.00E-02 4.25E+06 2.68E+13 9.72E-01 2.00E-01 8.17E+01   0
 ** WARNING: the input spectrum is a black-body at 2900 K **
 *The point-source assumption requires min Teff of 5884 K **
   2 1.10E-01 4.15E+06 2.71E+13 9.83E-01 2.02E-01 8.13E+01   0
 ** WARNING: the input spectrum is a black-body at 2900 K **
 *The point-source assumption requires min Teff of 5851 K **
   3 2.10E-01 4.07E+06 2.74E+13 9.93E-01 2.05E-01 8.10E+01   0
 ** WARNING: the input spectrum is a black-body at 2900 K **
 *The point-source assumption requires min Teff of 5821 K **
   4 3.10E-01 3.99E+06 2.77E+13 1.00E+00 2.07E-01 8.06E+01   0
 ** WARNING: the input spectrum is a black-body at 2900 K **
 *The point-source assumption requires min Teff of 5793 K **
   5 4.10E-01 3.92E+06 2.79E+13 1.01E+00 2.08E-01 8.03E+01   0
 ** WARNING: the input spectrum is a black-body at 2900 K **
 *The point-source assumption requires min Teff of 5768 K **
   6 5.10E-01 3.86E+06 2.81E+13 1.02E+00 2.10E-01 8.01E+01   0
 ** WARNING: the input spectrum is a black-body at 2900 K **
 *The point-source assumption requires min Teff of 5745 K **
 =============================================================
   (1) Optical depth at 5.5E-01 microns
   (2) Bolometric flux at the inner radius 
   (3) Inner radius for L=1E4 Lsun
   (4) Ratio of the inner to the stellar radius
   (5) Angular size (in arcsec) when Fbol=1E-6 W/m2
   (6) Dust temperature at the outer edge (in K)
   (7) Maximum error in flux conservation (%)
 =================================================
  Everything is OK for all models
  Table with spectral properties is in file *.spp
  Spectra are in files *.s##
 ========== THE END ==============================
