 ===========================
  Output from program Dusty 
  Version: 2.07
 ===========================
  
  INPUT parameters from file:
  Sean_mod/0073/sphere-1_0073.inp                                                                                                             
  
* ----------------------------------------------------------------------
* NOTES:
* This is a simple input file for a spherical shell with a minimal output
* ----------------------------------------------------------------------
  Central source spectrum described by a black body                       
  with temperature: 2.900E+03 K
  --------------------------------------------
  Dust temperature on the inner boundary: 1.20E+03 K
  --------------------------------------------
  Abundances for supported grains:
  Sil-Ow Sil-Oc Sil-DL grf-DL amC-Hn SiC-Pg
  0.000  0.000  0.000  0.000  0.000  0.000
  Abundances for user supplied grains:
     1      2
  0.200  0.800
  User supplied n and k from:
  1) Lib_nk\crMgFeSil.nk                                                   
  2) Lib_nk\FeO.nk                                                         
  MRN size distribution:
       Power q:  3.5
  Minimal size: 5.00E-03 microns
  Maximal size: 2.50E-01 microns
  --------------------------------------------
  Density described by 1/r**k with k =  2.0
  Relative thickness: 1.000E+02
  --------------------------------------------
  Optical depths at 5.5E-01 microns
  ranging from 1.00E-02 to 5.10E-01
    6 models with linear grid                
  Required accuracy: 5%
  --------------------------------------------
  --------------------------------------------
  ====================================================  
  For compliance with the point-source assumption, the
  following results should only be applied to sources 
  whose effective temperature exceeds 2400 K.
  ====================================================
          
  RESULTS:
  --------
 ###   tau0   Fi(W/m2)  r1(cm)    r1/rc   theta1   Td(Y)   err 
 ###     1        2        3        4        5       6      7  
 ============================================================= 
   1 1.00E-02 9.39E+04 1.81E+14 6.54E+00 1.35E+00 1.53E+02   0
   2 1.10E-01 9.25E+04 1.82E+14 6.59E+00 1.36E+00 1.52E+02   0
   3 2.10E-01 9.12E+04 1.83E+14 6.63E+00 1.37E+00 1.51E+02   0
   4 3.10E-01 9.00E+04 1.84E+14 6.68E+00 1.38E+00 1.50E+02   0
   5 4.10E-01 8.89E+04 1.86E+14 6.72E+00 1.38E+00 1.48E+02   0
   6 5.10E-01 8.78E+04 1.87E+14 6.76E+00 1.39E+00 1.47E+02   0
 =============================================================
   (1) Optical depth at 5.5E-01 microns
   (2) Bolometric flux at the inner radius 
   (3) Inner radius for L=1E4 Lsun
   (4) Ratio of the inner to the stellar radius
   (5) Angular size (in arcsec) when Fbol=1E-6 W/m2
   (6) Dust temperature at the outer edge (in K)
   (7) Maximum error in flux conservation (%)
 =================================================
  Everything is OK for all models
  Table with spectral properties is in file *.spp
  Spectra are in files *.s##
 ========== THE END ==============================
