 ===========================
  Output from program Dusty 
  Version: 2.07
 ===========================
  
  INPUT parameters from file:
  Sean_mod/Model_Library/0145/sphere-1_0145.inp                                                                                               
  
* ----------------------------------------------------------------------
* NOTES:
* This is a simple input file for a spherical shell with a minimal output
* ----------------------------------------------------------------------
  Central source spectrum described by a black body                       
  with temperature: 2.000E+03 K
  --------------------------------------------
  Dust temperature on the inner boundary: 7.00E+02 K
  --------------------------------------------
  Abundances for supported grains:
  Sil-Ow Sil-Oc Sil-DL grf-DL amC-Hn SiC-Pg
  0.405  0.000  0.000  0.000  0.000  0.000
  Abundances for user supplied grains:
     1      2      3      4
  0.004  0.081  0.405  0.105
  User supplied n and k from:
  1) Lib_nk\Corundum.nk                                                    
  2) Lib_nk\FeO.nk                                                         
  3) Lib_nk\FeHofm.nk                                                      
  4) Lib_nk\Al2O3-comp.nk                                                  
  MRN size distribution:
       Power q:  3.5
  Minimal size: 5.00E-03 microns
  Maximal size: 2.50E-01 microns
  --------------------------------------------
  Density described by 1/r**k with k =  2.3
  Relative thickness: 2.500E+01
  --------------------------------------------
  Optical depths at 5.5E-01 microns
  ranging from 1.10E+00 to 3.00E+00
    3 models with linear grid                
  Required accuracy: 5%
  --------------------------------------------
  --------------------------------------------
  ====================================================  
  For compliance with the point-source assumption, the
  following results should only be applied to sources 
  whose effective temperature exceeds 1400 K.
  ====================================================
          
  RESULTS:
  --------
 ###   tau0   Fi(W/m2)  r1(cm)    r1/rc   theta1   Td(Y)   err 
 ###     1        2        3        4        5       6      7  
 ============================================================= 
   1 1.10E+00 1.10E+04 5.27E+14 9.08E+00 3.93E+00 1.54E+02   0
   2 2.05E+00 1.03E+04 5.44E+14 9.37E+00 4.06E+00 1.49E+02   0
   3 3.00E+00 9.85E+03 5.57E+14 9.60E+00 4.16E+00 1.44E+02   0
 =============================================================
   (1) Optical depth at 5.5E-01 microns
   (2) Bolometric flux at the inner radius 
   (3) Inner radius for L=1E4 Lsun
   (4) Ratio of the inner to the stellar radius
   (5) Angular size (in arcsec) when Fbol=1E-6 W/m2
   (6) Dust temperature at the outer edge (in K)
   (7) Maximum error in flux conservation (%)
 =================================================
  Everything is OK for all models
  Table with spectral properties is in file *.spp
  Spectra are in files *.s##
  Radial profiles are in files *.r##
 ========== THE END ==============================
