 ===========================
  Output from program Dusty 
  Version: 2.07
 ===========================
  
  INPUT parameters from file:
  Model_SeanD_fa20/0049/sphere-1_0049.inp                                                                                                     
  
* ----------------------------------------------------------------------
* NOTES:
* This is a simple input file for a spherical shell with a minimal output
* ----------------------------------------------------------------------
  Central source spectrum described by a black body                       
  with temperature: 3.000E+03 K
  --------------------------------------------
  Dust temperature on the inner boundary: 1.00E+03 K
  --------------------------------------------
  Abundances for supported grains:
  Sil-Ow Sil-Oc Sil-DL grf-DL amC-Hn SiC-Pg
  0.000  0.000  0.500  0.000  0.500  0.000
  MRN size distribution:
       Power q:  3.5
  Minimal size: 5.00E-03 microns
  Maximal size: 2.50E-01 microns
  --------------------------------------------
  Density described by 1/r**k with k =  2.0
  Relative thickness: 1.000E+03
  --------------------------------------------
  Optical depths at 5.5E-01 microns
  ranging from 1.00E-02 to 1.00E+01
    4 models with logarithmic grid           
  Required accuracy: 5%
  --------------------------------------------
  --------------------------------------------
  ====================================================  
  For compliance with the point-source assumption, the
  following results should only be applied to sources 
  whose effective temperature exceeds 2000 K.
  ====================================================
          
  RESULTS:
  --------
 ###   tau0   Fi(W/m2)  r1(cm)    r1/rc   theta1   Td(Y)   err 
 ###     1        2        3        4        5       6      7  
 ============================================================= 
   1 1.00E-02 5.33E+04 2.39E+14 9.28E+00 1.79E+00 6.36E+01   0
   2 1.00E-01 5.27E+04 2.41E+14 9.34E+00 1.80E+00 6.32E+01   0
   3 1.00E+00 4.78E+04 2.53E+14 9.81E+00 1.89E+00 5.96E+01   0
   4 1.00E+01 3.44E+04 2.98E+14 1.16E+01 2.22E+00 4.56E+01   0
 =============================================================
   (1) Optical depth at 5.5E-01 microns
   (2) Bolometric flux at the inner radius 
   (3) Inner radius for L=1E4 Lsun
   (4) Ratio of the inner to the stellar radius
   (5) Angular size (in arcsec) when Fbol=1E-6 W/m2
   (6) Dust temperature at the outer edge (in K)
   (7) Maximum error in flux conservation (%)
 =================================================
  Everything is OK for all models
  Table with spectral properties is in file *.spp
  Spectra are in files *.s##
 ========== THE END ==============================
