 ===========================
  Output from program Dusty 
  Version: 2.07
 ===========================
  
  INPUT parameters from file:
  Sean_mod/0085/sphere-1_0085.inp                                                                                                             
  
* ----------------------------------------------------------------------
* NOTES:
* This is a simple input file for a spherical shell with a minimal output
* ----------------------------------------------------------------------
  Central source spectrum described by a black body                       
  with temperature: 2.900E+03 K
  --------------------------------------------
  Dust temperature on the inner boundary: 1.20E+03 K
  --------------------------------------------
  Abundances for supported grains:
  Sil-Ow Sil-Oc Sil-DL grf-DL amC-Hn SiC-Pg
  0.000  0.000  0.000  0.000  0.000  0.000
  Abundances for user supplied grains:
     1
  1.000
  User supplied n and k from:
  1) Lib_nk\forstC.nk                                                      
  MRN size distribution:
       Power q:  3.5
  Minimal size: 5.00E-03 microns
  Maximal size: 2.50E-01 microns
  --------------------------------------------
  Density described by 1/r**k with k =  2.0
  Relative thickness: 1.000E+02
  --------------------------------------------
  Optical depths at 5.5E-01 microns
  ranging from 1.00E-02 to 5.10E-01
    6 models with linear grid                
  Required accuracy: 5%
  --------------------------------------------
  --------------------------------------------
  ====================================================  
  For compliance with the point-source assumption, the
  following results should only be applied to sources 
  whose effective temperature exceeds 5930 K.
  ====================================================
          
  RESULTS:
  --------
 ###   tau0   Fi(W/m2)  r1(cm)    r1/rc   theta1   Td(Y)   err 
 ###     1        2        3        4        5       6      7  
 ============================================================= 
   1 1.00E-02 4.36E+06 2.65E+13 9.59E-01 1.98E-01 9.43E+01   0
 ** WARNING: the input spectrum is a black-body at 2900 K **
 *The point-source assumption requires min Teff of 5924 K **
   2 1.10E-01 4.13E+06 2.72E+13 9.85E-01 2.03E-01 9.34E+01   0
 ** WARNING: the input spectrum is a black-body at 2900 K **
 *The point-source assumption requires min Teff of 5844 K **
   3 2.10E-01 3.93E+06 2.79E+13 1.01E+00 2.08E-01 9.26E+01   0
 ** WARNING: the input spectrum is a black-body at 2900 K **
 *The point-source assumption requires min Teff of 5770 K **
   4 3.10E-01 3.74E+06 2.86E+13 1.04E+00 2.13E-01 9.17E+01   0
 ** WARNING: the input spectrum is a black-body at 2900 K **
 *The point-source assumption requires min Teff of 5701 K **
   5 4.10E-01 3.58E+06 2.92E+13 1.06E+00 2.18E-01 9.09E+01   0
 ** WARNING: the input spectrum is a black-body at 2900 K **
 *The point-source assumption requires min Teff of 5637 K **
   6 5.10E-01 3.43E+06 2.99E+13 1.08E+00 2.23E-01 9.01E+01   0
 ** WARNING: the input spectrum is a black-body at 2900 K **
 *The point-source assumption requires min Teff of 5577 K **
 =============================================================
   (1) Optical depth at 5.5E-01 microns
   (2) Bolometric flux at the inner radius 
   (3) Inner radius for L=1E4 Lsun
   (4) Ratio of the inner to the stellar radius
   (5) Angular size (in arcsec) when Fbol=1E-6 W/m2
   (6) Dust temperature at the outer edge (in K)
   (7) Maximum error in flux conservation (%)
 =================================================
  Everything is OK for all models
  Table with spectral properties is in file *.spp
  Spectra are in files *.s##
 ========== THE END ==============================
