 ===========================
  Output from program Dusty 
  Version: 2.07
 ===========================
  
  INPUT parameters from file:
  Sean_mod/0072/sphere-1_0072.inp                                                                                                             
  
* ----------------------------------------------------------------------
* NOTES:
* This is a simple input file for a spherical shell with a minimal output
* ----------------------------------------------------------------------
  Central source spectrum described by a black body                       
  with temperature: 2.900E+03 K
  --------------------------------------------
  Dust temperature on the inner boundary: 1.20E+03 K
  --------------------------------------------
  Abundances for supported grains:
  Sil-Ow Sil-Oc Sil-DL grf-DL amC-Hn SiC-Pg
  0.000  0.000  0.000  0.000  0.000  0.000
  Abundances for user supplied grains:
     1      2
  0.200  0.800
  User supplied n and k from:
  1) Lib_nk\crMgFeSil.nk                                                   
  2) Lib_nk\crSil.nk                                                       
  MRN size distribution:
       Power q:  3.5
  Minimal size: 5.00E-03 microns
  Maximal size: 2.50E-01 microns
  --------------------------------------------
  Density described by 1/r**k with k =  2.0
  Relative thickness: 1.000E+02
  --------------------------------------------
  Optical depths at 5.5E-01 microns
  ranging from 1.00E-02 to 5.10E-01
    6 models with linear grid                
  Required accuracy: 5%
  --------------------------------------------
  --------------------------------------------
  ====================================================  
  For compliance with the point-source assumption, the
  following results should only be applied to sources 
  whose effective temperature exceeds 2910 K.
  ====================================================
          
  RESULTS:
  --------
 ###   tau0   Fi(W/m2)  r1(cm)    r1/rc   theta1   Td(Y)   err 
 ###     1        2        3        4        5       6      7  
 ============================================================= 
   1 1.00E-02 2.54E+05 1.10E+14 3.98E+00 8.19E-01 1.21E+02   0
 ** WARNING: the input spectrum is a black-body at 2900 K **
 *The point-source assumption requires min Teff of 2909 K **
   2 1.10E-01 2.48E+05 1.11E+14 4.03E+00 8.29E-01 1.21E+02   0
   3 2.10E-01 2.42E+05 1.12E+14 4.07E+00 8.39E-01 1.21E+02   0
   4 3.10E-01 2.36E+05 1.14E+14 4.12E+00 8.48E-01 1.21E+02   0
   5 4.10E-01 2.31E+05 1.15E+14 4.16E+00 8.58E-01 1.20E+02   0
   6 5.10E-01 2.27E+05 1.16E+14 4.21E+00 8.67E-01 1.20E+02   0
 =============================================================
   (1) Optical depth at 5.5E-01 microns
   (2) Bolometric flux at the inner radius 
   (3) Inner radius for L=1E4 Lsun
   (4) Ratio of the inner to the stellar radius
   (5) Angular size (in arcsec) when Fbol=1E-6 W/m2
   (6) Dust temperature at the outer edge (in K)
   (7) Maximum error in flux conservation (%)
 =================================================
  Everything is OK for all models
  Table with spectral properties is in file *.spp
  Spectra are in files *.s##
 ========== THE END ==============================
