 ===========================
  Output from program Dusty 
  Version: 2.07
 ===========================
  
  INPUT parameters from file:
  Model_SeanD_fa20/Model0036/sphere-1_0036.inp                                                                                                
  
* ----------------------------------------------------------------------
* NOTES:
* This is a simple input file for a spherical shell with a minimal output
* ----------------------------------------------------------------------
  Central source spectrum described by a black body                       
  with temperature: 2.500E+03 K
  --------------------------------------------
  Dust temperature on the inner boundary: 1.88E+03 K
  --------------------------------------------
  Abundances for supported grains:
  Sil-Ow Sil-Oc Sil-DL grf-DL amC-Hn SiC-Pg
  1.000  0.000  0.000  0.000  0.000  0.000
  MRN size distribution:
       Power q:  3.5
  Minimal size: 5.00E-03 microns
  Maximal size: 2.50E-01 microns
  --------------------------------------------
  Density described by 1/r**k with k =  2.0
  Relative thickness: 1.000E+03
  --------------------------------------------
  Optical depths at 5.5E-01 microns
  ranging from 1.00E-02 to 1.00E+01
    4 models with logarithmic grid           
  Required accuracy: 5%
  --------------------------------------------
  --------------------------------------------
  ====================================================  
  For compliance with the point-source assumption, the
  following results should only be applied to sources 
  whose effective temperature exceeds 4799 K.
  ====================================================
          
  RESULTS:
  --------
 ###   tau0   Fi(W/m2)  r1(cm)    r1/rc   theta1   Td(Y)   err 
 ###     1        2        3        4        5       6      7  
 ============================================================= 
   1 1.00E-02 1.88E+06 4.04E+13 1.09E+00 3.01E-01 8.99E+01   0
 ** WARNING: the input spectrum is a black-body at 2500 K **
 *The point-source assumption requires min Teff of 4798 K **
   2 1.00E-01 1.86E+06 4.06E+13 1.09E+00 3.03E-01 8.97E+01   0
 ** WARNING: the input spectrum is a black-body at 2500 K **
 *The point-source assumption requires min Teff of 4783 K **
   3 1.00E+00 1.66E+06 4.30E+13 1.16E+00 3.21E-01 8.72E+01   0
 ** WARNING: the input spectrum is a black-body at 2500 K **
 *The point-source assumption requires min Teff of 4650 K **
   4 1.00E+01 9.46E+05 5.69E+13 1.53E+00 4.24E-01 7.42E+01   0
 ** WARNING: the input spectrum is a black-body at 2500 K **
 *The point-source assumption requires min Teff of 4042 K **
 =============================================================
   (1) Optical depth at 5.5E-01 microns
   (2) Bolometric flux at the inner radius 
   (3) Inner radius for L=1E4 Lsun
   (4) Ratio of the inner to the stellar radius
   (5) Angular size (in arcsec) when Fbol=1E-6 W/m2
   (6) Dust temperature at the outer edge (in K)
   (7) Maximum error in flux conservation (%)
 =================================================
  Everything is OK for all models
  Table with spectral properties is in file *.spp
  Spectra are in files *.s##
 ========== THE END ==============================
