 ===========================
  Output from program Dusty 
  Version: 2.07
 ===========================
  
  INPUT parameters from file:
  Model_SeanD_fa20/Model0008/sphere-2_model0008.inp                                                                                           
  
* ----------------------------------------------------------------------
* NOTES:
* This is a complicated version of an input file, though without any user
* supplied files.
* ----------------------------------------------------------------------
  Central source spectrum described by  2 black bodies
  with temperatures (in K):
   8.000E+03 2.500E+03
  and relative luminosities, respectively:
   8.0E-01   2.0E-01
  --------------------------------------------
  Dust temperature on the inner boundary: 1.00E+03 K
  --------------------------------------------
  Abundances for supported grains:
  Sil-Ow Sil-Oc Sil-DL grf-DL amC-Hn SiC-Pg
  0.000  0.000  0.000  0.250  0.750  0.000
  MRN size distribution:
       Power q:  3.5
  Minimal size: 1.00E-02 microns
  Maximal size: 5.00E-01 microns
  --------------------------------------------
  Density described by smooth power law
   power   Ytransition
   -------------------
               1.0
    2.0
           1.000E+01
    1.0
           1.000E+02
    0.0
           1.000E+03
  --------------------------------------------
  Optical depths at 5.5E-01 microns
  ranging from 1.00E-02 to 1.00E+02
    5 models with logarithmic grid           
  Required accuracy: 5%
  --------------------------------------------
  Images requested for these wavelengths (mic)
  0.55  4.0  50  1000
  --------------------------------------------
  ====================================================  
  For compliance with the point-source assumption, the
  following results should only be applied to sources 
  whose effective temperature exceeds 2000 K.
  ====================================================
          
  RESULTS:
  --------
 ###   tau0   Fi(W/m2)  r1(cm)    r1/rc   theta1   Td(Y)   err 
 ###     1        2        3        4        5       6      7  
 ============================================================= 
   1 1.00E-02 3.76E+04 2.85E+14 7.04E+01 2.13E+00 7.53E+01   0
   2 1.00E-01 3.72E+04 2.87E+14 7.08E+01 2.14E+00 7.44E+01   0
   3 1.00E+00 3.37E+04 3.01E+14 7.43E+01 2.25E+00 6.60E+01   0
   4 1.00E+01 2.41E+04 3.57E+14 8.80E+01 2.66E+00 4.35E+01   0
   5 1.00E+02 1.53E+04 4.47E+14 1.10E+02 3.34E+00 2.95E+01   1
 =============================================================
   (1) Optical depth at 5.5E-01 microns
   (2) Bolometric flux at the inner radius 
   (3) Inner radius for L=1E4 Lsun
   (4) Ratio of the inner to the stellar radius
   (5) Angular size (in arcsec) when Fbol=1E-6 W/m2
   (6) Dust temperature at the outer edge (in K)
   (7) Maximum error in flux conservation (%)
 =================================================
  Everything is OK for all models
  Table with spectral properties is in file *.spp
  Spectra are in files *.s##
  Images are in files *.i##
  Radial profiles are in files *.r##
  Run-time messages are in files *.m##
 ========== THE END ==============================
